<?xml version="1.0" encoding="UTF-8"?>
<testsuite xmlns:xsi="http://www.w3.org/2001/XMLSchema-instance" xsi:noNamespaceSchemaLocation="https://maven.apache.org/surefire/maven-surefire-plugin/xsd/surefire-test-report-3.0.xsd" version="3.0" name="de.uni_mannheim.informatik.dws.wdi.ExerciseIdentityResolution.AppTest" time="0.014" tests="1" errors="0" skipped="0" failures="0">
  <properties>
    <property name="java.specification.version" value="21"/>
    <property name="sun.jnu.encoding" value="UTF-8"/>
    <property name="java.class.path" value="/Users/fabio22/Iwas/WDI/WebDataProject/target/test-classes:/Users/fabio22/Iwas/WDI/WebDataProject/target/classes:/Users/fabio22/.m2/repository/junit/junit/3.8.1/junit-3.8.1.jar:/Users/fabio22/.m2/repository/de/uni-mannheim/informatik/dws/winter/winter-framework/1.4/winter-framework-1.4.jar:/Users/fabio22/.m2/repository/com/wcohen/com.wcohen.secondstring/0.1/com.wcohen.secondstring-0.1.jar:/Users/fabio22/.m2/repository/log4j/log4j/1.2.8/log4j-1.2.8.jar:/Users/fabio22/.m2/repository/net/sf/opencsv/opencsv/2.3/opencsv-2.3.jar:/Users/fabio22/.m2/repository/org/apache/directory/studio/org.apache.commons.lang/2.6/org.apache.commons.lang-2.6.jar:/Users/fabio22/.m2/repository/commons-lang/commons-lang/2.6/commons-lang-2.6.jar:/Users/fabio22/.m2/repository/org/apache/lucene/lucene-core/4.6.0/lucene-core-4.6.0.jar:/Users/fabio22/.m2/repository/org/apache/lucene/lucene-queries/4.6.0/lucene-queries-4.6.0.jar:/Users/fabio22/.m2/repository/org/apache/lucene/lucene-analyzers-common/4.6.0/lucene-analyzers-common-4.6.0.jar:/Users/fabio22/.m2/repository/org/apache/lucene/lucene-queryparser/4.6.0/lucene-queryparser-4.6.0.jar:/Users/fabio22/.m2/repository/org/apache/lucene/lucene-sandbox/4.6.0/lucene-sandbox-4.6.0.jar:/Users/fabio22/.m2/repository/jakarta-regexp/jakarta-regexp/1.4/jakarta-regexp-1.4.jar:/Users/fabio22/.m2/repository/org/apache/lucene/lucene-grouping/4.6.0/lucene-grouping-4.6.0.jar:/Users/fabio22/.m2/repository/org/apache/commons/commons-lang3/3.1/commons-lang3-3.1.jar:/Users/fabio22/.m2/repository/commons-io/commons-io/1.3.2/commons-io-1.3.2.jar:/Users/fabio22/.m2/repository/org/apache/commons/commons-math3/3.2/commons-math3-3.2.jar:/Users/fabio22/.m2/repository/org/apache/jena/jena-tdb/3.3.0/jena-tdb-3.3.0.jar:/Users/fabio22/.m2/repository/org/apache/jena/jena-arq/3.3.0/jena-arq-3.3.0.jar:/Users/fabio22/.m2/repository/org/apache/jena/jena-core/3.3.0/jena-core-3.3.0.jar:/Users/fabio22/.m2/repository/org/apache/jena/jena-iri/3.3.0/jena-iri-3.3.0.jar:/Users/fabio22/.m2/repository/commons-cli/commons-cli/1.3/commons-cli-1.3.jar:/Users/fabio22/.m2/repository/org/apache/jena/jena-base/3.3.0/jena-base-3.3.0.jar:/Users/fabio22/.m2/repository/com/github/andrewoma/dexx/collection/0.6/collection-0.6.jar:/Users/fabio22/.m2/repository/org/apache/jena/jena-shaded-guava/3.3.0/jena-shaded-guava-3.3.0.jar:/Users/fabio22/.m2/repository/org/apache/httpcomponents/httpclient/4.5.2/httpclient-4.5.2.jar:/Users/fabio22/.m2/repository/org/apache/httpcomponents/httpcore/4.4.4/httpcore-4.4.4.jar:/Users/fabio22/.m2/repository/commons-codec/commons-codec/1.9/commons-codec-1.9.jar:/Users/fabio22/.m2/repository/com/github/jsonld-java/jsonld-java/0.9.0/jsonld-java-0.9.0.jar:/Users/fabio22/.m2/repository/com/fasterxml/jackson/core/jackson-core/2.7.4/jackson-core-2.7.4.jar:/Users/fabio22/.m2/repository/com/fasterxml/jackson/core/jackson-databind/2.7.4/jackson-databind-2.7.4.jar:/Users/fabio22/.m2/repository/com/fasterxml/jackson/core/jackson-annotations/2.7.0/jackson-annotations-2.7.0.jar:/Users/fabio22/.m2/repository/org/apache/httpcomponents/httpclient-cache/4.5.2/httpclient-cache-4.5.2.jar:/Users/fabio22/.m2/repository/org/apache/thrift/libthrift/0.9.3/libthrift-0.9.3.jar:/Users/fabio22/.m2/repository/org/slf4j/jcl-over-slf4j/1.7.21/jcl-over-slf4j-1.7.21.jar:/Users/fabio22/.m2/repository/org/apache/commons/commons-csv/1.3/commons-csv-1.3.jar:/Users/fabio22/.m2/repository/org/apache/jena/jena-rdfconnection/3.3.0/jena-rdfconnection-3.3.0.jar:/Users/fabio22/.m2/repository/org/slf4j/slf4j-api/1.7.21/slf4j-api-1.7.21.jar:/Users/fabio22/.m2/repository/com/beust/jcommander/1.48/jcommander-1.48.jar:/Users/fabio22/.m2/repository/com/google/code/gson/gson/2.4/gson-2.4.jar:/Users/fabio22/.m2/repository/edu/stanford/nlp/stanford-corenlp/3.4/stanford-corenlp-3.4.jar:/Users/fabio22/.m2/repository/com/io7m/xom/xom/1.2.10/xom-1.2.10.jar:/Users/fabio22/.m2/repository/xerces/xercesImpl/2.8.0/xercesImpl-2.8.0.jar:/Users/fabio22/.m2/repository/xalan/xalan/2.7.0/xalan-2.7.0.jar:/Users/fabio22/.m2/repository/joda-time/joda-time/2.1/joda-time-2.1.jar:/Users/fabio22/.m2/repository/de/jollyday/jollyday/0.4.7/jollyday-0.4.7.jar:/Users/fabio22/.m2/repository/javax/xml/bind/jaxb-api/2.2.7/jaxb-api-2.2.7.jar:/Users/fabio22/.m2/repository/com/googlecode/efficient-java-matrix-library/ejml/0.23/ejml-0.23.jar:/Users/fabio22/.m2/repository/javax/json/javax.json-api/1.0/javax.json-api-1.0.jar:/Users/fabio22/.m2/repository/edu/stanford/nlp/stanford-corenlp/3.4/stanford-corenlp-3.4-models.jar:/Users/fabio22/.m2/repository/nz/ac/waikato/cms/weka/weka-stable/3.8.1/weka-stable-3.8.1.jar:/Users/fabio22/.m2/repository/nz/ac/waikato/cms/weka/thirdparty/java-cup-11b/2015.03.26/java-cup-11b-2015.03.26.jar:/Users/fabio22/.m2/repository/nz/ac/waikato/cms/weka/thirdparty/java-cup-11b-runtime/2015.03.26/java-cup-11b-runtime-2015.03.26.jar:/Users/fabio22/.m2/repository/nz/ac/waikato/cms/weka/thirdparty/bounce/0.18/bounce-0.18.jar:/Users/fabio22/.m2/repository/com/googlecode/matrix-toolkits-java/mtj/1.0.4/mtj-1.0.4.jar:/Users/fabio22/.m2/repository/com/github/fommil/netlib/netlib-native_ref-osx-x86_64/1.1/netlib-native_ref-osx-x86_64-1.1-natives.jar:/Users/fabio22/.m2/repository/com/github/fommil/netlib/native_ref-java/1.1/native_ref-java-1.1.jar:/Users/fabio22/.m2/repository/com/github/fommil/jniloader/1.1/jniloader-1.1.jar:/Users/fabio22/.m2/repository/com/github/fommil/netlib/netlib-native_ref-linux-x86_64/1.1/netlib-native_ref-linux-x86_64-1.1-natives.jar:/Users/fabio22/.m2/repository/com/github/fommil/netlib/netlib-native_ref-linux-i686/1.1/netlib-native_ref-linux-i686-1.1-natives.jar:/Users/fabio22/.m2/repository/com/github/fommil/netlib/netlib-native_ref-win-x86_64/1.1/netlib-native_ref-win-x86_64-1.1-natives.jar:/Users/fabio22/.m2/repository/com/github/fommil/netlib/netlib-native_ref-win-i686/1.1/netlib-native_ref-win-i686-1.1-natives.jar:/Users/fabio22/.m2/repository/com/github/fommil/netlib/netlib-native_ref-linux-armhf/1.1/netlib-native_ref-linux-armhf-1.1-natives.jar:/Users/fabio22/.m2/repository/com/github/fommil/netlib/netlib-native_system-osx-x86_64/1.1/netlib-native_system-osx-x86_64-1.1-natives.jar:/Users/fabio22/.m2/repository/com/github/fommil/netlib/native_system-java/1.1/native_system-java-1.1.jar:/Users/fabio22/.m2/repository/com/github/fommil/netlib/netlib-native_system-linux-x86_64/1.1/netlib-native_system-linux-x86_64-1.1-natives.jar:/Users/fabio22/.m2/repository/com/github/fommil/netlib/netlib-native_system-linux-i686/1.1/netlib-native_system-linux-i686-1.1-natives.jar:/Users/fabio22/.m2/repository/com/github/fommil/netlib/netlib-native_system-linux-armhf/1.1/netlib-native_system-linux-armhf-1.1-natives.jar:/Users/fabio22/.m2/repository/com/github/fommil/netlib/netlib-native_system-win-x86_64/1.1/netlib-native_system-win-x86_64-1.1-natives.jar:/Users/fabio22/.m2/repository/com/github/fommil/netlib/netlib-native_system-win-i686/1.1/netlib-native_system-win-i686-1.1-natives.jar:/Users/fabio22/.m2/repository/net/sourceforge/f2j/arpack_combined_all/0.1/arpack_combined_all-0.1.jar:/Users/fabio22/.m2/repository/com/googlecode/netlib-java/netlib-java/1.1/netlib-java-1.1.jar:/Users/fabio22/.m2/repository/com/github/fommil/netlib/core/1.1/core-1.1.jar:/Users/fabio22/.m2/repository/org/jgrapht/jgrapht-core/1.0.1/jgrapht-core-1.0.1.jar:/Users/fabio22/.m2/repository/org/apache/logging/log4j/log4j-core/2.14.0/log4j-core-2.14.0.jar:/Users/fabio22/.m2/repository/org/apache/logging/log4j/log4j-api/2.14.0/log4j-api-2.14.0.jar:/Users/fabio22/.m2/repository/org/apache/logging/log4j/log4j-slf4j-impl/2.14.0/log4j-slf4j-impl-2.14.0.jar:/Users/fabio22/.m2/repository/dom4j/dom4j/1.6.1/dom4j-1.6.1.jar:/Users/fabio22/.m2/repository/xml-apis/xml-apis/1.0.b2/xml-apis-1.0.b2.jar:/Users/fabio22/.m2/repository/jaxen/jaxen/1.1.6/jaxen-1.1.6.jar:"/>
    <property name="java.vm.vendor" value="Homebrew"/>
    <property name="sun.arch.data.model" value="64"/>
    <property name="java.vendor.url" value="https://github.com/Homebrew/homebrew-core/issues"/>
    <property name="os.name" value="Mac OS X"/>
    <property name="java.vm.specification.version" value="21"/>
    <property name="sun.java.launcher" value="SUN_STANDARD"/>
    <property name="user.country" value="DE"/>
    <property name="sun.boot.library.path" value="/opt/homebrew/Cellar/openjdk/21/libexec/openjdk.jdk/Contents/Home/lib"/>
    <property name="sun.java.command" value="/Users/fabio22/Iwas/WDI/WebDataProject/target/surefire/surefirebooter-20231130114611613_3.jar /Users/fabio22/Iwas/WDI/WebDataProject/target/surefire 2023-11-30T11-46-11_563-jvmRun1 surefire-20231130114611613_1tmp surefire_0-20231130114611613_2tmp"/>
    <property name="http.nonProxyHosts" value="local|*.local|169.254/16|*.169.254/16"/>
    <property name="jdk.debug" value="release"/>
    <property name="surefire.test.class.path" value="/Users/fabio22/Iwas/WDI/WebDataProject/target/test-classes:/Users/fabio22/Iwas/WDI/WebDataProject/target/classes:/Users/fabio22/.m2/repository/junit/junit/3.8.1/junit-3.8.1.jar:/Users/fabio22/.m2/repository/de/uni-mannheim/informatik/dws/winter/winter-framework/1.4/winter-framework-1.4.jar:/Users/fabio22/.m2/repository/com/wcohen/com.wcohen.secondstring/0.1/com.wcohen.secondstring-0.1.jar:/Users/fabio22/.m2/repository/log4j/log4j/1.2.8/log4j-1.2.8.jar:/Users/fabio22/.m2/repository/net/sf/opencsv/opencsv/2.3/opencsv-2.3.jar:/Users/fabio22/.m2/repository/org/apache/directory/studio/org.apache.commons.lang/2.6/org.apache.commons.lang-2.6.jar:/Users/fabio22/.m2/repository/commons-lang/commons-lang/2.6/commons-lang-2.6.jar:/Users/fabio22/.m2/repository/org/apache/lucene/lucene-core/4.6.0/lucene-core-4.6.0.jar:/Users/fabio22/.m2/repository/org/apache/lucene/lucene-queries/4.6.0/lucene-queries-4.6.0.jar:/Users/fabio22/.m2/repository/org/apache/lucene/lucene-analyzers-common/4.6.0/lucene-analyzers-common-4.6.0.jar:/Users/fabio22/.m2/repository/org/apache/lucene/lucene-queryparser/4.6.0/lucene-queryparser-4.6.0.jar:/Users/fabio22/.m2/repository/org/apache/lucene/lucene-sandbox/4.6.0/lucene-sandbox-4.6.0.jar:/Users/fabio22/.m2/repository/jakarta-regexp/jakarta-regexp/1.4/jakarta-regexp-1.4.jar:/Users/fabio22/.m2/repository/org/apache/lucene/lucene-grouping/4.6.0/lucene-grouping-4.6.0.jar:/Users/fabio22/.m2/repository/org/apache/commons/commons-lang3/3.1/commons-lang3-3.1.jar:/Users/fabio22/.m2/repository/commons-io/commons-io/1.3.2/commons-io-1.3.2.jar:/Users/fabio22/.m2/repository/org/apache/commons/commons-math3/3.2/commons-math3-3.2.jar:/Users/fabio22/.m2/repository/org/apache/jena/jena-tdb/3.3.0/jena-tdb-3.3.0.jar:/Users/fabio22/.m2/repository/org/apache/jena/jena-arq/3.3.0/jena-arq-3.3.0.jar:/Users/fabio22/.m2/repository/org/apache/jena/jena-core/3.3.0/jena-core-3.3.0.jar:/Users/fabio22/.m2/repository/org/apache/jena/jena-iri/3.3.0/jena-iri-3.3.0.jar:/Users/fabio22/.m2/repository/commons-cli/commons-cli/1.3/commons-cli-1.3.jar:/Users/fabio22/.m2/repository/org/apache/jena/jena-base/3.3.0/jena-base-3.3.0.jar:/Users/fabio22/.m2/repository/com/github/andrewoma/dexx/collection/0.6/collection-0.6.jar:/Users/fabio22/.m2/repository/org/apache/jena/jena-shaded-guava/3.3.0/jena-shaded-guava-3.3.0.jar:/Users/fabio22/.m2/repository/org/apache/httpcomponents/httpclient/4.5.2/httpclient-4.5.2.jar:/Users/fabio22/.m2/repository/org/apache/httpcomponents/httpcore/4.4.4/httpcore-4.4.4.jar:/Users/fabio22/.m2/repository/commons-codec/commons-codec/1.9/commons-codec-1.9.jar:/Users/fabio22/.m2/repository/com/github/jsonld-java/jsonld-java/0.9.0/jsonld-java-0.9.0.jar:/Users/fabio22/.m2/repository/com/fasterxml/jackson/core/jackson-core/2.7.4/jackson-core-2.7.4.jar:/Users/fabio22/.m2/repository/com/fasterxml/jackson/core/jackson-databind/2.7.4/jackson-databind-2.7.4.jar:/Users/fabio22/.m2/repository/com/fasterxml/jackson/core/jackson-annotations/2.7.0/jackson-annotations-2.7.0.jar:/Users/fabio22/.m2/repository/org/apache/httpcomponents/httpclient-cache/4.5.2/httpclient-cache-4.5.2.jar:/Users/fabio22/.m2/repository/org/apache/thrift/libthrift/0.9.3/libthrift-0.9.3.jar:/Users/fabio22/.m2/repository/org/slf4j/jcl-over-slf4j/1.7.21/jcl-over-slf4j-1.7.21.jar:/Users/fabio22/.m2/repository/org/apache/commons/commons-csv/1.3/commons-csv-1.3.jar:/Users/fabio22/.m2/repository/org/apache/jena/jena-rdfconnection/3.3.0/jena-rdfconnection-3.3.0.jar:/Users/fabio22/.m2/repository/org/slf4j/slf4j-api/1.7.21/slf4j-api-1.7.21.jar:/Users/fabio22/.m2/repository/com/beust/jcommander/1.48/jcommander-1.48.jar:/Users/fabio22/.m2/repository/com/google/code/gson/gson/2.4/gson-2.4.jar:/Users/fabio22/.m2/repository/edu/stanford/nlp/stanford-corenlp/3.4/stanford-corenlp-3.4.jar:/Users/fabio22/.m2/repository/com/io7m/xom/xom/1.2.10/xom-1.2.10.jar:/Users/fabio22/.m2/repository/xerces/xercesImpl/2.8.0/xercesImpl-2.8.0.jar:/Users/fabio22/.m2/repository/xalan/xalan/2.7.0/xalan-2.7.0.jar:/Users/fabio22/.m2/repository/joda-time/joda-time/2.1/joda-time-2.1.jar:/Users/fabio22/.m2/repository/de/jollyday/jollyday/0.4.7/jollyday-0.4.7.jar:/Users/fabio22/.m2/repository/javax/xml/bind/jaxb-api/2.2.7/jaxb-api-2.2.7.jar:/Users/fabio22/.m2/repository/com/googlecode/efficient-java-matrix-library/ejml/0.23/ejml-0.23.jar:/Users/fabio22/.m2/repository/javax/json/javax.json-api/1.0/javax.json-api-1.0.jar:/Users/fabio22/.m2/repository/edu/stanford/nlp/stanford-corenlp/3.4/stanford-corenlp-3.4-models.jar:/Users/fabio22/.m2/repository/nz/ac/waikato/cms/weka/weka-stable/3.8.1/weka-stable-3.8.1.jar:/Users/fabio22/.m2/repository/nz/ac/waikato/cms/weka/thirdparty/java-cup-11b/2015.03.26/java-cup-11b-2015.03.26.jar:/Users/fabio22/.m2/repository/nz/ac/waikato/cms/weka/thirdparty/java-cup-11b-runtime/2015.03.26/java-cup-11b-runtime-2015.03.26.jar:/Users/fabio22/.m2/repository/nz/ac/waikato/cms/weka/thirdparty/bounce/0.18/bounce-0.18.jar:/Users/fabio22/.m2/repository/com/googlecode/matrix-toolkits-java/mtj/1.0.4/mtj-1.0.4.jar:/Users/fabio22/.m2/repository/com/github/fommil/netlib/netlib-native_ref-osx-x86_64/1.1/netlib-native_ref-osx-x86_64-1.1-natives.jar:/Users/fabio22/.m2/repository/com/github/fommil/netlib/native_ref-java/1.1/native_ref-java-1.1.jar:/Users/fabio22/.m2/repository/com/github/fommil/jniloader/1.1/jniloader-1.1.jar:/Users/fabio22/.m2/repository/com/github/fommil/netlib/netlib-native_ref-linux-x86_64/1.1/netlib-native_ref-linux-x86_64-1.1-natives.jar:/Users/fabio22/.m2/repository/com/github/fommil/netlib/netlib-native_ref-linux-i686/1.1/netlib-native_ref-linux-i686-1.1-natives.jar:/Users/fabio22/.m2/repository/com/github/fommil/netlib/netlib-native_ref-win-x86_64/1.1/netlib-native_ref-win-x86_64-1.1-natives.jar:/Users/fabio22/.m2/repository/com/github/fommil/netlib/netlib-native_ref-win-i686/1.1/netlib-native_ref-win-i686-1.1-natives.jar:/Users/fabio22/.m2/repository/com/github/fommil/netlib/netlib-native_ref-linux-armhf/1.1/netlib-native_ref-linux-armhf-1.1-natives.jar:/Users/fabio22/.m2/repository/com/github/fommil/netlib/netlib-native_system-osx-x86_64/1.1/netlib-native_system-osx-x86_64-1.1-natives.jar:/Users/fabio22/.m2/repository/com/github/fommil/netlib/native_system-java/1.1/native_system-java-1.1.jar:/Users/fabio22/.m2/repository/com/github/fommil/netlib/netlib-native_system-linux-x86_64/1.1/netlib-native_system-linux-x86_64-1.1-natives.jar:/Users/fabio22/.m2/repository/com/github/fommil/netlib/netlib-native_system-linux-i686/1.1/netlib-native_system-linux-i686-1.1-natives.jar:/Users/fabio22/.m2/repository/com/github/fommil/netlib/netlib-native_system-linux-armhf/1.1/netlib-native_system-linux-armhf-1.1-natives.jar:/Users/fabio22/.m2/repository/com/github/fommil/netlib/netlib-native_system-win-x86_64/1.1/netlib-native_system-win-x86_64-1.1-natives.jar:/Users/fabio22/.m2/repository/com/github/fommil/netlib/netlib-native_system-win-i686/1.1/netlib-native_system-win-i686-1.1-natives.jar:/Users/fabio22/.m2/repository/net/sourceforge/f2j/arpack_combined_all/0.1/arpack_combined_all-0.1.jar:/Users/fabio22/.m2/repository/com/googlecode/netlib-java/netlib-java/1.1/netlib-java-1.1.jar:/Users/fabio22/.m2/repository/com/github/fommil/netlib/core/1.1/core-1.1.jar:/Users/fabio22/.m2/repository/org/jgrapht/jgrapht-core/1.0.1/jgrapht-core-1.0.1.jar:/Users/fabio22/.m2/repository/org/apache/logging/log4j/log4j-core/2.14.0/log4j-core-2.14.0.jar:/Users/fabio22/.m2/repository/org/apache/logging/log4j/log4j-api/2.14.0/log4j-api-2.14.0.jar:/Users/fabio22/.m2/repository/org/apache/logging/log4j/log4j-slf4j-impl/2.14.0/log4j-slf4j-impl-2.14.0.jar:/Users/fabio22/.m2/repository/dom4j/dom4j/1.6.1/dom4j-1.6.1.jar:/Users/fabio22/.m2/repository/xml-apis/xml-apis/1.0.b2/xml-apis-1.0.b2.jar:/Users/fabio22/.m2/repository/jaxen/jaxen/1.1.6/jaxen-1.1.6.jar:"/>
    <property name="sun.cpu.endian" value="little"/>
    <property name="user.home" value="/Users/fabio22"/>
    <property name="user.language" value="de"/>
    <property name="java.specification.vendor" value="Oracle Corporation"/>
    <property name="java.version.date" value="2023-09-19"/>
    <property name="java.home" value="/opt/homebrew/Cellar/openjdk/21/libexec/openjdk.jdk/Contents/Home"/>
    <property name="file.separator" value="/"/>
    <property name="basedir" value="/Users/fabio22/Iwas/WDI/WebDataProject"/>
    <property name="java.vm.compressedOopsMode" value="Zero based"/>
    <property name="line.separator" value="&#10;"/>
    <property name="java.vm.specification.vendor" value="Oracle Corporation"/>
    <property name="java.specification.name" value="Java Platform API Specification"/>
    <property name="apple.awt.application.name" value="ForkedBooter"/>
    <property name="surefire.real.class.path" value="/Users/fabio22/Iwas/WDI/WebDataProject/target/surefire/surefirebooter-20231130114611613_3.jar"/>
    <property name="sun.management.compiler" value="HotSpot 64-Bit Tiered Compilers"/>
    <property name="ftp.nonProxyHosts" value="local|*.local|169.254/16|*.169.254/16"/>
    <property name="java.runtime.version" value="21"/>
    <property name="user.name" value="fabio22"/>
    <property name="stdout.encoding" value="UTF-8"/>
    <property name="path.separator" value=":"/>
    <property name="os.version" value="13.4.1"/>
    <property name="java.runtime.name" value="OpenJDK Runtime Environment"/>
    <property name="file.encoding" value="UTF-8"/>
    <property name="java.vm.name" value="OpenJDK 64-Bit Server VM"/>
    <property name="java.vendor.version" value="Homebrew"/>
    <property name="localRepository" value="/Users/fabio22/.m2/repository"/>
    <property name="java.vendor.url.bug" value="https://github.com/Homebrew/homebrew-core/issues"/>
    <property name="java.io.tmpdir" value="/var/folders/rm/97fcqr9j4937n60p8x49yc740000gn/T/"/>
    <property name="java.version" value="21"/>
    <property name="user.dir" value="/Users/fabio22/Iwas/WDI/WebDataProject"/>
    <property name="os.arch" value="aarch64"/>
    <property name="java.vm.specification.name" value="Java Virtual Machine Specification"/>
    <property name="native.encoding" value="UTF-8"/>
    <property name="java.library.path" value="/Users/fabio22/Library/Java/Extensions:/Library/Java/Extensions:/Network/Library/Java/Extensions:/System/Library/Java/Extensions:/usr/lib/java:."/>
    <property name="java.vm.info" value="mixed mode, sharing"/>
    <property name="stderr.encoding" value="UTF-8"/>
    <property name="java.vendor" value="Homebrew"/>
    <property name="java.vm.version" value="21"/>
    <property name="sun.io.unicode.encoding" value="UnicodeBig"/>
    <property name="socksNonProxyHosts" value="local|*.local|169.254/16|*.169.254/16"/>
    <property name="java.class.version" value="65.0"/>
  </properties>
  <testcase name="testApp" classname="de.uni_mannheim.informatik.dws.wdi.ExerciseIdentityResolution.AppTest" time="0.002"/>
</testsuite>